<?xml version="1.0" encoding="UTF-8"?>
<!-- Generated by org.testng.reporters.JUnitReportReporter -->
<testsuite hostname="LAPTOP-DIVUF89F" failures="0" tests="1" name="salesperson.UserInfo" time="33.917" errors="0" timestamp="2022-06-17T08:01:48 IST" skipped="0">
  <testcase classname="salesperson.UserInfo" name="userDetials" time="33.917"/>
  <system-out/>
</testsuite> <!-- salesperson.UserInfo -->
