<?xml version="1.0" encoding="UTF-8"?>
<!-- Generated by org.testng.reporters.JUnitReportReporter -->
<testsuite hostname="LAPTOP-DIVUF89F" failures="0" tests="1" name="salesperson.Login" time="28.651" errors="0" timestamp="2022-06-23T06:58:26 IST" skipped="0">
  <testcase classname="salesperson.Login" name="forgotPassword" time="28.651"/>
  <system-out/>
</testsuite> <!-- salesperson.Login -->
